Main:19 DEBUG - Sorry, something wrong! 2017-06-22 14:34:45 
 Main:21 DEBUG - This is debug :  2017-06-22 14:34:45 
 Main:25 INFO  - This is info :  2017-06-22 14:34:45 
 Main:27 WARN  - This is warn :  2017-06-22 14:34:45 
 Main:28 ERROR - This is error :  2017-06-22 14:34:45 
 Main:29 FATAL - This is fatal :  2017-06-22 14:34:45 
 Main:21 DEBUG - This is debug :  2017-06-22 14:48:19 
 Main:25 INFO  - This is info :  2017-06-22 14:48:19 
 Main:27 WARN  - This is warn :  2017-06-22 14:48:19 
 Main:28 ERROR - This is error :  2017-06-22 14:48:19 
 Main:29 FATAL - This is fatal :  2017-06-22 14:48:19 
 Main:21 DEBUG - This is debug :  2017-06-22 16:27:07 
 Main:25 INFO  - This is info :  2017-06-22 16:27:07 
 Main:27 WARN  - This is warn :  2017-06-22 16:27:07 
 Main:28 ERROR - This is error :  2017-06-22 16:27:07 
 Main:29 FATAL - This is fatal :  2017-06-22 16:27:07 
 Main:17 INFO  - Uruchomiono program. 2017-06-22 16:51:32 
 Main:26 INFO  - Włączenie serwera 2017-06-22 16:51:56 
 Main:28 INFO  - Włączenie serwera 2017-06-22 17:24:59 
 Main:17 INFO  - Uruchomiono program. 2017-06-22 17:25:11 
 ObslugaBazyDanych:145 ERROR - Nie można wykonać podanego zapytania na bazie 2017-06-22 22:09:30 
 java.sql.SQLException: ORA-00911: invalid character

	at oracle.jdbc.driver.DatabaseError.throwSqlException(DatabaseError.java:112)
	at oracle.jdbc.driver.T4CTTIoer.processError(T4CTTIoer.java:331)
	at oracle.jdbc.driver.T4CTTIoer.processError(T4CTTIoer.java:288)
	at oracle.jdbc.driver.T4C8Oall.receive(T4C8Oall.java:745)
	at oracle.jdbc.driver.T4CStatement.doOall8(T4CStatement.java:210)
	at oracle.jdbc.driver.T4CStatement.executeForRows(T4CStatement.java:961)
	at oracle.jdbc.driver.OracleStatement.doExecuteWithTimeout(OracleStatement.java:1190)
	at oracle.jdbc.driver.OracleStatement.executeUpdateInternal(OracleStatement.java:1657)
	at oracle.jdbc.driver.OracleStatement.executeUpdate(OracleStatement.java:1626)
	at bazaDanych.ObslugaBazyDanych.usunHistorie(ObslugaBazyDanych.java:143)
	at main.Main.main(Main.java:29)
ObslugaBazyDanych:135 ERROR - Nie można wykonać podanego zapytania na bazie 2017-06-22 22:10:12 
 java.sql.SQLException: ORA-00911: invalid character

	at oracle.jdbc.driver.DatabaseError.throwSqlException(DatabaseError.java:112)
	at oracle.jdbc.driver.T4CTTIoer.processError(T4CTTIoer.java:331)
	at oracle.jdbc.driver.T4CTTIoer.processError(T4CTTIoer.java:288)
	at oracle.jdbc.driver.T4C8Oall.receive(T4C8Oall.java:745)
	at oracle.jdbc.driver.T4CStatement.doOall8(T4CStatement.java:210)
	at oracle.jdbc.driver.T4CStatement.executeForRows(T4CStatement.java:961)
	at oracle.jdbc.driver.OracleStatement.doExecuteWithTimeout(OracleStatement.java:1190)
	at oracle.jdbc.driver.OracleStatement.executeUpdateInternal(OracleStatement.java:1657)
	at oracle.jdbc.driver.OracleStatement.executeUpdate(OracleStatement.java:1626)
	at bazaDanych.ObslugaBazyDanych.usunRejestracje(ObslugaBazyDanych.java:133)
	at main.Main.main(Main.java:29)
ObslugaBazyDanych:135 ERROR - Nie można wykonać podanego zapytania na bazie 2017-06-22 22:14:41 
 java.sql.SQLException: ORA-00911: invalid character

	at oracle.jdbc.driver.DatabaseError.throwSqlException(DatabaseError.java:112)
	at oracle.jdbc.driver.T4CTTIoer.processError(T4CTTIoer.java:331)
	at oracle.jdbc.driver.T4CTTIoer.processError(T4CTTIoer.java:288)
	at oracle.jdbc.driver.T4C8Oall.receive(T4C8Oall.java:745)
	at oracle.jdbc.driver.T4CStatement.doOall8(T4CStatement.java:210)
	at oracle.jdbc.driver.T4CStatement.executeForRows(T4CStatement.java:961)
	at oracle.jdbc.driver.OracleStatement.doExecuteWithTimeout(OracleStatement.java:1190)
	at oracle.jdbc.driver.OracleStatement.executeUpdateInternal(OracleStatement.java:1657)
	at oracle.jdbc.driver.OracleStatement.executeUpdate(OracleStatement.java:1626)
	at bazaDanych.ObslugaBazyDanych.usunRejestracje(ObslugaBazyDanych.java:133)
	at main.Main.main(Main.java:29)
ObslugaBazyDanych:145 ERROR - Nie można wykonać podanego zapytania na bazie 2017-06-22 22:20:29 
 java.sql.SQLException: ORA-00911: invalid character

	at oracle.jdbc.driver.DatabaseError.throwSqlException(DatabaseError.java:112)
	at oracle.jdbc.driver.T4CTTIoer.processError(T4CTTIoer.java:331)
	at oracle.jdbc.driver.T4CTTIoer.processError(T4CTTIoer.java:288)
	at oracle.jdbc.driver.T4C8Oall.receive(T4C8Oall.java:745)
	at oracle.jdbc.driver.T4CStatement.doOall8(T4CStatement.java:210)
	at oracle.jdbc.driver.T4CStatement.executeForRows(T4CStatement.java:961)
	at oracle.jdbc.driver.OracleStatement.doExecuteWithTimeout(OracleStatement.java:1190)
	at oracle.jdbc.driver.OracleStatement.executeUpdateInternal(OracleStatement.java:1657)
	at oracle.jdbc.driver.OracleStatement.executeUpdate(OracleStatement.java:1626)
	at bazaDanych.ObslugaBazyDanych.usunHistorie(ObslugaBazyDanych.java:143)
	at main.Main.main(Main.java:29)
ObslugaBazyDanych:146 ERROR - Nie można wykonać podanego zapytania na bazie 2017-06-22 22:20:58 
 java.sql.SQLException: ORA-00911: invalid character

	at oracle.jdbc.driver.DatabaseError.throwSqlException(DatabaseError.java:112)
	at oracle.jdbc.driver.T4CTTIoer.processError(T4CTTIoer.java:331)
	at oracle.jdbc.driver.T4CTTIoer.processError(T4CTTIoer.java:288)
	at oracle.jdbc.driver.T4C8Oall.receive(T4C8Oall.java:745)
	at oracle.jdbc.driver.T4CStatement.doOall8(T4CStatement.java:210)
	at oracle.jdbc.driver.T4CStatement.executeForRows(T4CStatement.java:961)
	at oracle.jdbc.driver.OracleStatement.doExecuteWithTimeout(OracleStatement.java:1190)
	at oracle.jdbc.driver.OracleStatement.executeUpdateInternal(OracleStatement.java:1657)
	at oracle.jdbc.driver.OracleStatement.executeUpdate(OracleStatement.java:1626)
	at bazaDanych.ObslugaBazyDanych.usunHistorie(ObslugaBazyDanych.java:144)
	at main.Main.main(Main.java:29)
ObslugaBazyDanych:146 ERROR - Nie można wykonać podanego zapytania na bazie 2017-06-22 22:21:53 
 java.sql.SQLException: ORA-00911: invalid character

	at oracle.jdbc.driver.DatabaseError.throwSqlException(DatabaseError.java:112)
	at oracle.jdbc.driver.T4CTTIoer.processError(T4CTTIoer.java:331)
	at oracle.jdbc.driver.T4CTTIoer.processError(T4CTTIoer.java:288)
	at oracle.jdbc.driver.T4C8Oall.receive(T4C8Oall.java:745)
	at oracle.jdbc.driver.T4CStatement.doOall8(T4CStatement.java:210)
	at oracle.jdbc.driver.T4CStatement.executeForRows(T4CStatement.java:961)
	at oracle.jdbc.driver.OracleStatement.doExecuteWithTimeout(OracleStatement.java:1190)
	at oracle.jdbc.driver.OracleStatement.executeInternal(OracleStatement.java:1726)
	at oracle.jdbc.driver.OracleStatement.execute(OracleStatement.java:1696)
	at bazaDanych.ObslugaBazyDanych.usunHistorie(ObslugaBazyDanych.java:144)
	at main.Main.main(Main.java:29)
ObslugaBazyDanych:151 ERROR - Nie można wykonać podanego zapytania na bazie 2017-06-22 22:26:44 
 java.sql.SQLException: ORA-00911: invalid character

	at oracle.jdbc.driver.DatabaseError.throwSqlException(DatabaseError.java:112)
	at oracle.jdbc.driver.T4CTTIoer.processError(T4CTTIoer.java:331)
	at oracle.jdbc.driver.T4CTTIoer.processError(T4CTTIoer.java:288)
	at oracle.jdbc.driver.T4C8Oall.receive(T4C8Oall.java:745)
	at oracle.jdbc.driver.T4CStatement.doOall8(T4CStatement.java:210)
	at oracle.jdbc.driver.T4CStatement.executeForRows(T4CStatement.java:961)
	at oracle.jdbc.driver.OracleStatement.doExecuteWithTimeout(OracleStatement.java:1190)
	at oracle.jdbc.driver.OracleStatement.executeUpdateInternal(OracleStatement.java:1657)
	at oracle.jdbc.driver.OracleStatement.executeUpdate(OracleStatement.java:1626)
	at bazaDanych.ObslugaBazyDanych.usunHistorie(ObslugaBazyDanych.java:149)
	at main.Main.main(Main.java:29)
ObslugaBazyDanych:151 ERROR - Nie można wykonać podanego zapytania na bazie 2017-06-22 22:27:03 
 java.sql.SQLException: ORA-00911: invalid character

	at oracle.jdbc.driver.DatabaseError.throwSqlException(DatabaseError.java:112)
	at oracle.jdbc.driver.T4CTTIoer.processError(T4CTTIoer.java:331)
	at oracle.jdbc.driver.T4CTTIoer.processError(T4CTTIoer.java:288)
	at oracle.jdbc.driver.T4C8Oall.receive(T4C8Oall.java:745)
	at oracle.jdbc.driver.T4CStatement.doOall8(T4CStatement.java:210)
	at oracle.jdbc.driver.T4CStatement.executeForRows(T4CStatement.java:961)
	at oracle.jdbc.driver.OracleStatement.doExecuteWithTimeout(OracleStatement.java:1190)
	at oracle.jdbc.driver.OracleStatement.executeUpdateInternal(OracleStatement.java:1657)
	at oracle.jdbc.driver.OracleStatement.executeUpdate(OracleStatement.java:1626)
	at bazaDanych.ObslugaBazyDanych.usunHistorie(ObslugaBazyDanych.java:149)
	at main.Main.main(Main.java:29)
ObslugaBazyDanych:151 ERROR - Nie można wykonać podanego zapytania na bazie 2017-06-22 22:27:21 
 java.sql.SQLException: ORA-00911: invalid character

	at oracle.jdbc.driver.DatabaseError.throwSqlException(DatabaseError.java:112)
	at oracle.jdbc.driver.T4CTTIoer.processError(T4CTTIoer.java:331)
	at oracle.jdbc.driver.T4CTTIoer.processError(T4CTTIoer.java:288)
	at oracle.jdbc.driver.T4C8Oall.receive(T4C8Oall.java:745)
	at oracle.jdbc.driver.T4CStatement.doOall8(T4CStatement.java:210)
	at oracle.jdbc.driver.T4CStatement.executeForRows(T4CStatement.java:961)
	at oracle.jdbc.driver.OracleStatement.doExecuteWithTimeout(OracleStatement.java:1190)
	at oracle.jdbc.driver.OracleStatement.executeUpdateInternal(OracleStatement.java:1657)
	at oracle.jdbc.driver.OracleStatement.executeUpdate(OracleStatement.java:1626)
	at bazaDanych.ObslugaBazyDanych.usunHistorie(ObslugaBazyDanych.java:149)
	at main.Main.main(Main.java:29)
Main:29 INFO  - Włączenie serwera 2017-06-22 22:46:48 
 Main:17 INFO  - Uruchomiono program. 2017-06-22 22:46:54 
 ObslugaBazyDanych:103 ERROR - Nie można wykonać podanego zapytania na bazie 2017-06-22 22:48:18 
 java.sql.SQLException: ORA-00001: unique constraint (PROJEKTJAVA.SAMOCHOD_PK) violated

	at oracle.jdbc.driver.DatabaseError.throwSqlException(DatabaseError.java:112)
	at oracle.jdbc.driver.T4CTTIoer.processError(T4CTTIoer.java:331)
	at oracle.jdbc.driver.T4CTTIoer.processError(T4CTTIoer.java:288)
	at oracle.jdbc.driver.T4C8Oall.receive(T4C8Oall.java:745)
	at oracle.jdbc.driver.T4CStatement.doOall8(T4CStatement.java:210)
	at oracle.jdbc.driver.T4CStatement.executeForRows(T4CStatement.java:961)
	at oracle.jdbc.driver.OracleStatement.doExecuteWithTimeout(OracleStatement.java:1190)
	at oracle.jdbc.driver.OracleStatement.executeUpdateInternal(OracleStatement.java:1657)
	at oracle.jdbc.driver.OracleStatement.executeUpdate(OracleStatement.java:1626)
	at bazaDanych.ObslugaBazyDanych.zapisSamochodu(ObslugaBazyDanych.java:101)
	at komunikacja.Komunikacja.noweAuto(Komunikacja.java:128)
	at komunikacja.Komunikacja.run(Komunikacja.java:44)
	at java.lang.Thread.run(Thread.java:745)
ObslugaBazyDanych:114 ERROR - Nie można wykonać podanego zapytania na bazie 2017-06-22 22:48:18 
 java.sql.SQLException: ORA-00001: unique constraint (PROJEKTJAVA.REJESTRACJA_PK) violated

	at oracle.jdbc.driver.DatabaseError.throwSqlException(DatabaseError.java:112)
	at oracle.jdbc.driver.T4CTTIoer.processError(T4CTTIoer.java:331)
	at oracle.jdbc.driver.T4CTTIoer.processError(T4CTTIoer.java:288)
	at oracle.jdbc.driver.T4C8Oall.receive(T4C8Oall.java:745)
	at oracle.jdbc.driver.T4CStatement.doOall8(T4CStatement.java:210)
	at oracle.jdbc.driver.T4CStatement.executeForRows(T4CStatement.java:961)
	at oracle.jdbc.driver.OracleStatement.doExecuteWithTimeout(OracleStatement.java:1190)
	at oracle.jdbc.driver.OracleStatement.executeUpdateInternal(OracleStatement.java:1657)
	at oracle.jdbc.driver.OracleStatement.executeUpdate(OracleStatement.java:1626)
	at bazaDanych.ObslugaBazyDanych.zapisRejestracji(ObslugaBazyDanych.java:112)
	at komunikacja.Komunikacja.noweAuto(Komunikacja.java:129)
	at komunikacja.Komunikacja.run(Komunikacja.java:44)
	at java.lang.Thread.run(Thread.java:745)
Main:17 INFO  - Uruchomiono program. 2017-06-22 23:01:01 
 Main:17 INFO  - Uruchomiono program. 2017-06-23 11:10:06 
 Main:29 INFO  - Włączenie serwera 2017-06-23 11:10:16 
 Komunikacja:53 ERROR - Wyjatek serwera 2017-06-23 11:13:39 
 java.net.SocketException: Connection reset
	at java.net.SocketInputStream.read(SocketInputStream.java:210)
	at java.net.SocketInputStream.read(SocketInputStream.java:141)
	at java.net.SocketInputStream.read(SocketInputStream.java:224)
	at java.io.ObjectInputStream$PeekInputStream.peek(ObjectInputStream.java:2584)
	at java.io.ObjectInputStream$BlockDataInputStream.peek(ObjectInputStream.java:2891)
	at java.io.ObjectInputStream$BlockDataInputStream.peekByte(ObjectInputStream.java:2901)
	at java.io.ObjectInputStream.readObject0(ObjectInputStream.java:1502)
	at java.io.ObjectInputStream.readObject(ObjectInputStream.java:422)
	at komunikacja.Komunikacja.run(Komunikacja.java:41)
	at java.lang.Thread.run(Thread.java:745)
Main:29 INFO  - Włączenie serwera 2017-06-23 11:28:08 
 Main:17 INFO  - Uruchomiono program. 2017-06-23 11:28:17 
 Main:17 INFO  - Uruchomiono program. 2017-06-23 11:28:40 
 Komunikacja:53 ERROR - Wyjatek serwera 2017-06-23 11:30:25 
 java.net.SocketException: Connection reset
	at java.net.SocketInputStream.read(SocketInputStream.java:210)
	at java.net.SocketInputStream.read(SocketInputStream.java:141)
	at java.net.SocketInputStream.read(SocketInputStream.java:224)
	at java.io.ObjectInputStream$PeekInputStream.peek(ObjectInputStream.java:2584)
	at java.io.ObjectInputStream$BlockDataInputStream.peek(ObjectInputStream.java:2891)
	at java.io.ObjectInputStream$BlockDataInputStream.peekByte(ObjectInputStream.java:2901)
	at java.io.ObjectInputStream.readObject0(ObjectInputStream.java:1502)
	at java.io.ObjectInputStream.readObject(ObjectInputStream.java:422)
	at komunikacja.Komunikacja.run(Komunikacja.java:41)
	at java.lang.Thread.run(Thread.java:745)
Main:17 INFO  - Uruchomiono program. 2017-06-23 11:32:21 
 ControllerMenuButtons:81 ERROR - NIe można załadować strony historia. 2017-06-23 11:32:23 
 javafx.fxml.LoadException: 
/C:/Users/Marek/Desktop/Symulator/Klient/target/classes/fxmlPackage/historiaScene.fxml

	at javafx.fxml.FXMLLoader.constructLoadException(FXMLLoader.java:2601)
	at javafx.fxml.FXMLLoader.loadImpl(FXMLLoader.java:2571)
	at javafx.fxml.FXMLLoader.loadImpl(FXMLLoader.java:2441)
	at javafx.fxml.FXMLLoader.load(FXMLLoader.java:2409)
	at controllerFille.ControllerMenuButtons.historiaOnA(ControllerMenuButtons.java:79)
	at sun.reflect.NativeMethodAccessorImpl.invoke0(Native Method)
	at sun.reflect.NativeMethodAccessorImpl.invoke(NativeMethodAccessorImpl.java:62)
	at sun.reflect.DelegatingMethodAccessorImpl.invoke(DelegatingMethodAccessorImpl.java:43)
	at java.lang.reflect.Method.invoke(Method.java:498)
	at sun.reflect.misc.Trampoline.invoke(MethodUtil.java:71)
	at sun.reflect.GeneratedMethodAccessor1.invoke(Unknown Source)
	at sun.reflect.DelegatingMethodAccessorImpl.invoke(DelegatingMethodAccessorImpl.java:43)
	at java.lang.reflect.Method.invoke(Method.java:498)
	at sun.reflect.misc.MethodUtil.invoke(MethodUtil.java:275)
	at javafx.fxml.FXMLLoader$MethodHandler.invoke(FXMLLoader.java:1771)
	at javafx.fxml.FXMLLoader$ControllerMethodEventHandler.handle(FXMLLoader.java:1657)
	at com.sun.javafx.event.CompositeEventHandler.dispatchBubblingEvent(CompositeEventHandler.java:86)
	at com.sun.javafx.event.EventHandlerManager.dispatchBubblingEvent(EventHandlerManager.java:238)
	at com.sun.javafx.event.EventHandlerManager.dispatchBubblingEvent(EventHandlerManager.java:191)
	at com.sun.javafx.event.CompositeEventDispatcher.dispatchBubblingEvent(CompositeEventDispatcher.java:59)
	at com.sun.javafx.event.BasicEventDispatcher.dispatchEvent(BasicEventDispatcher.java:58)
	at com.sun.javafx.event.EventDispatchChainImpl.dispatchEvent(EventDispatchChainImpl.java:114)
	at com.sun.javafx.event.BasicEventDispatcher.dispatchEvent(BasicEventDispatcher.java:56)
	at com.sun.javafx.event.EventDispatchChainImpl.dispatchEvent(EventDispatchChainImpl.java:114)
	at com.sun.javafx.event.BasicEventDispatcher.dispatchEvent(BasicEventDispatcher.java:56)
	at com.sun.javafx.event.EventDispatchChainImpl.dispatchEvent(EventDispatchChainImpl.java:114)
	at com.sun.javafx.event.EventUtil.fireEventImpl(EventUtil.java:74)
	at com.sun.javafx.event.EventUtil.fireEvent(EventUtil.java:49)
	at javafx.event.Event.fireEvent(Event.java:198)
	at javafx.scene.Node.fireEvent(Node.java:8413)
	at javafx.scene.control.Button.fire(Button.java:185)
	at com.sun.javafx.scene.control.behavior.ButtonBehavior.mouseReleased(ButtonBehavior.java:182)
	at com.sun.javafx.scene.control.skin.BehaviorSkinBase$1.handle(BehaviorSkinBase.java:96)
	at com.sun.javafx.scene.control.skin.BehaviorSkinBase$1.handle(BehaviorSkinBase.java:89)
	at com.sun.javafx.event.CompositeEventHandler$NormalEventHandlerRecord.handleBubblingEvent(CompositeEventHandler.java:218)
	at com.sun.javafx.event.CompositeEventHandler.dispatchBubblingEvent(CompositeEventHandler.java:80)
	at com.sun.javafx.event.EventHandlerManager.dispatchBubblingEvent(EventHandlerManager.java:238)
	at com.sun.javafx.event.EventHandlerManager.dispatchBubblingEvent(EventHandlerManager.java:191)
	at com.sun.javafx.event.CompositeEventDispatcher.dispatchBubblingEvent(CompositeEventDispatcher.java:59)
	at com.sun.javafx.event.BasicEventDispatcher.dispatchEvent(BasicEventDispatcher.java:58)
	at com.sun.javafx.event.EventDispatchChainImpl.dispatchEvent(EventDispatchChainImpl.java:114)
	at com.sun.javafx.event.BasicEventDispatcher.dispatchEvent(BasicEventDispatcher.java:56)
	at com.sun.javafx.event.EventDispatchChainImpl.dispatchEvent(EventDispatchChainImpl.java:114)
	at com.sun.javafx.event.BasicEventDispatcher.dispatchEvent(BasicEventDispatcher.java:56)
	at com.sun.javafx.event.EventDispatchChainImpl.dispatchEvent(EventDispatchChainImpl.java:114)
	at com.sun.javafx.event.EventUtil.fireEventImpl(EventUtil.java:74)
	at com.sun.javafx.event.EventUtil.fireEvent(EventUtil.java:54)
	at javafx.event.Event.fireEvent(Event.java:198)
	at javafx.scene.Scene$MouseHandler.process(Scene.java:3757)
	at javafx.scene.Scene$MouseHandler.access$1500(Scene.java:3485)
	at javafx.scene.Scene.impl_processMouseEvent(Scene.java:1762)
	at javafx.scene.Scene$ScenePeerListener.mouseEvent(Scene.java:2494)
	at com.sun.javafx.tk.quantum.GlassViewEventHandler$MouseEventNotification.run(GlassViewEventHandler.java:381)
	at com.sun.javafx.tk.quantum.GlassViewEventHandler$MouseEventNotification.run(GlassViewEventHandler.java:295)
	at java.security.AccessController.doPrivileged(Native Method)
	at com.sun.javafx.tk.quantum.GlassViewEventHandler.lambda$handleMouseEvent$354(GlassViewEventHandler.java:417)
	at com.sun.javafx.tk.quantum.QuantumToolkit.runWithoutRenderLock(QuantumToolkit.java:389)
	at com.sun.javafx.tk.quantum.GlassViewEventHandler.handleMouseEvent(GlassViewEventHandler.java:416)
	at com.sun.glass.ui.View.handleMouseEvent(View.java:555)
	at com.sun.glass.ui.View.notifyMouse(View.java:937)
	at com.sun.glass.ui.win.WinApplication._runLoop(Native Method)
	at com.sun.glass.ui.win.WinApplication.lambda$null$148(WinApplication.java:191)
	at java.lang.Thread.run(Thread.java:745)
Caused by: java.lang.reflect.InvocationTargetException
	at sun.reflect.NativeMethodAccessorImpl.invoke0(Native Method)
	at sun.reflect.NativeMethodAccessorImpl.invoke(NativeMethodAccessorImpl.java:62)
	at sun.reflect.DelegatingMethodAccessorImpl.invoke(DelegatingMethodAccessorImpl.java:43)
	at java.lang.reflect.Method.invoke(Method.java:498)
	at sun.reflect.misc.Trampoline.invoke(MethodUtil.java:71)
	at sun.reflect.GeneratedMethodAccessor1.invoke(Unknown Source)
	at sun.reflect.DelegatingMethodAccessorImpl.invoke(DelegatingMethodAccessorImpl.java:43)
	at java.lang.reflect.Method.invoke(Method.java:498)
	at sun.reflect.misc.MethodUtil.invoke(MethodUtil.java:275)
	at javafx.fxml.FXMLLoader.loadImpl(FXMLLoader.java:2566)
	... 61 more
Caused by: java.lang.IndexOutOfBoundsException: Index: 4, Size: 4
	at java.util.ArrayList.rangeCheck(ArrayList.java:653)
	at java.util.ArrayList.get(ArrayList.java:429)
	at dane.BazaWiersz.getObject(BazaWiersz.java:15)
	at controllerFille.ControllerHistoriaScene.initialize(ControllerHistoriaScene.java:93)
	... 71 more
Main:17 INFO  - Uruchomiono program. 2017-06-23 11:32:40 
 Main:17 INFO  - Uruchomiono program. 2017-06-23 11:35:09 
 Main:17 INFO  - Uruchomiono program. 2017-06-23 11:36:55 
 Main:17 INFO  - Uruchomiono program. 2017-06-23 11:38:08 
 Main:17 INFO  - Uruchomiono program. 2017-06-23 11:38:48 
 Main:17 INFO  - Uruchomiono program. 2017-06-23 11:43:52 
 Main:17 INFO  - Uruchomiono program. 2017-06-23 11:51:56 
 Main:17 INFO  - Uruchomiono program. 2017-06-23 11:55:17 
 Main:17 INFO  - Uruchomiono program. 2017-06-23 11:55:53 
 Main:17 INFO  - Uruchomiono program. 2017-06-23 11:56:19 
 Main:17 INFO  - Uruchomiono program. 2017-06-23 12:02:17 
 ObslugaBazyDanych:207 ERROR - Nie można wykonać podanego zapytania na bazie 2017-06-23 12:15:46 
 java.sql.SQLException: Nie wywołano ResultSet.next
	at oracle.jdbc.driver.DatabaseError.throwSqlException(DatabaseError.java:112)
	at oracle.jdbc.driver.DatabaseError.throwSqlException(DatabaseError.java:146)
	at oracle.jdbc.driver.DatabaseError.throwSqlException(DatabaseError.java:208)
	at oracle.jdbc.driver.OracleResultSetImpl.getString(OracleResultSetImpl.java:393)
	at bazaDanych.ObslugaBazyDanych.maxidHistoria(ObslugaBazyDanych.java:205)
	at main.Main.main(Main.java:22)
ObslugaBazyDanych:173 ERROR - Nie można wykonać podanego zapytania na bazie 2017-06-23 12:15:46 
 java.sql.SQLException: Nie wywołano ResultSet.next
	at oracle.jdbc.driver.DatabaseError.throwSqlException(DatabaseError.java:112)
	at oracle.jdbc.driver.DatabaseError.throwSqlException(DatabaseError.java:146)
	at oracle.jdbc.driver.DatabaseError.throwSqlException(DatabaseError.java:208)
	at oracle.jdbc.driver.OracleResultSetImpl.getString(OracleResultSetImpl.java:393)
	at bazaDanych.ObslugaBazyDanych.maxidSamochod(ObslugaBazyDanych.java:171)
	at main.Main.main(Main.java:23)
ObslugaBazyDanych:190 ERROR - Nie można wykonać podanego zapytania na bazie 2017-06-23 12:15:46 
 java.sql.SQLException: Nie wywołano ResultSet.next
	at oracle.jdbc.driver.DatabaseError.throwSqlException(DatabaseError.java:112)
	at oracle.jdbc.driver.DatabaseError.throwSqlException(DatabaseError.java:146)
	at oracle.jdbc.driver.DatabaseError.throwSqlException(DatabaseError.java:208)
	at oracle.jdbc.driver.OracleResultSetImpl.getString(OracleResultSetImpl.java:393)
	at bazaDanych.ObslugaBazyDanych.maxidRejestracja(ObslugaBazyDanych.java:188)
	at main.Main.main(Main.java:24)
ObslugaBazyDanych:207 ERROR - Nie można wykonać podanego zapytania na bazie 2017-06-23 12:16:33 
 java.sql.SQLException: Nie wywołano ResultSet.next
	at oracle.jdbc.driver.DatabaseError.throwSqlException(DatabaseError.java:112)
	at oracle.jdbc.driver.DatabaseError.throwSqlException(DatabaseError.java:146)
	at oracle.jdbc.driver.DatabaseError.throwSqlException(DatabaseError.java:208)
	at oracle.jdbc.driver.OracleResultSetImpl.getString(OracleResultSetImpl.java:393)
	at oracle.jdbc.driver.OracleResultSet.getString(OracleResultSet.java:1515)
	at bazaDanych.ObslugaBazyDanych.maxidHistoria(ObslugaBazyDanych.java:205)
	at main.Main.main(Main.java:22)
ObslugaBazyDanych:173 ERROR - Nie można wykonać podanego zapytania na bazie 2017-06-23 12:16:33 
 java.sql.SQLException: Nie wywołano ResultSet.next
	at oracle.jdbc.driver.DatabaseError.throwSqlException(DatabaseError.java:112)
	at oracle.jdbc.driver.DatabaseError.throwSqlException(DatabaseError.java:146)
	at oracle.jdbc.driver.DatabaseError.throwSqlException(DatabaseError.java:208)
	at oracle.jdbc.driver.OracleResultSetImpl.getString(OracleResultSetImpl.java:393)
	at bazaDanych.ObslugaBazyDanych.maxidSamochod(ObslugaBazyDanych.java:171)
	at main.Main.main(Main.java:23)
ObslugaBazyDanych:190 ERROR - Nie można wykonać podanego zapytania na bazie 2017-06-23 12:16:33 
 java.sql.SQLException: Nie wywołano ResultSet.next
	at oracle.jdbc.driver.DatabaseError.throwSqlException(DatabaseError.java:112)
	at oracle.jdbc.driver.DatabaseError.throwSqlException(DatabaseError.java:146)
	at oracle.jdbc.driver.DatabaseError.throwSqlException(DatabaseError.java:208)
	at oracle.jdbc.driver.OracleResultSetImpl.getString(OracleResultSetImpl.java:393)
	at bazaDanych.ObslugaBazyDanych.maxidRejestracja(ObslugaBazyDanych.java:188)
	at main.Main.main(Main.java:24)
ObslugaBazyDanych:173 ERROR - Nie można wykonać podanego zapytania na bazie 2017-06-23 12:18:50 
 java.sql.SQLException: Nie wywołano ResultSet.next
	at oracle.jdbc.driver.DatabaseError.throwSqlException(DatabaseError.java:112)
	at oracle.jdbc.driver.DatabaseError.throwSqlException(DatabaseError.java:146)
	at oracle.jdbc.driver.DatabaseError.throwSqlException(DatabaseError.java:208)
	at oracle.jdbc.driver.OracleResultSetImpl.getString(OracleResultSetImpl.java:393)
	at bazaDanych.ObslugaBazyDanych.maxidSamochod(ObslugaBazyDanych.java:171)
	at main.Main.main(Main.java:23)
ObslugaBazyDanych:190 ERROR - Nie można wykonać podanego zapytania na bazie 2017-06-23 12:18:50 
 java.sql.SQLException: Nie wywołano ResultSet.next
	at oracle.jdbc.driver.DatabaseError.throwSqlException(DatabaseError.java:112)
	at oracle.jdbc.driver.DatabaseError.throwSqlException(DatabaseError.java:146)
	at oracle.jdbc.driver.DatabaseError.throwSqlException(DatabaseError.java:208)
	at oracle.jdbc.driver.OracleResultSetImpl.getString(OracleResultSetImpl.java:393)
	at bazaDanych.ObslugaBazyDanych.maxidRejestracja(ObslugaBazyDanych.java:188)
	at main.Main.main(Main.java:24)
Main:25 INFO  - Włączenie serwera 2017-06-23 12:30:34 
 Main:17 INFO  - Uruchomiono program. 2017-06-23 12:30:40 
 Main:17 INFO  - Uruchomiono program. 2017-06-23 12:50:58 
 Main:27 INFO  - Włączenie serwera 2017-06-23 13:08:15 
 Main:17 INFO  - Uruchomiono program. 2017-06-23 13:08:21 
 